<?xml version="1.0" encoding="UTF-8"?>
<!-- Generated by org.testng.reporters.JUnitReportReporter -->
<testsuite hostname="DESKTOP-H4FRD3F" failures="0" tests="4" name="Tests.HomePageTest" time="106.829" errors="0" timestamp="2024-10-09T23:00:56 IST" skipped="0">
  <testcase classname="Tests.HomePageTest" name="verifyWrongSignIn" time="20.857"/>
  <testcase classname="Tests.HomePageTest" name="verifywatchDemoTab" time="13.860"/>
  <testcase classname="Tests.HomePageTest" name="fillWatchDemoForm" time="25.924"/>
  <testcase classname="Tests.HomePageTest" name="verifyResidentLogInTab" time="46.188"/>
</testsuite> <!-- Tests.HomePageTest -->
